INFO 2021-10-15 04:48:59,050 daemon Exiting due to SIGINT
INFO 2021-11-15 04:57:26,873 daemon Exiting due to SIGINT
INFO 2021-11-15 07:17:23,116 judge_handler Judge connected from: ('127.0.0.1', 52362)
INFO 2021-11-15 07:17:23,124 judge_handler Judge authenticated: ('127.0.0.1', 52362) (DAUJ)
INFO 2021-11-15 07:17:29,024 judge_handler Judge disconnected from: ('127.0.0.1', 52362) with name DAUJ
INFO 2021-11-15 07:17:34,171 judge_handler Judge connected from: ('127.0.0.1', 52368)
INFO 2021-11-15 07:17:34,176 judge_handler Judge authenticated: ('127.0.0.1', 52368) (DAUJ)
INFO 2021-11-15 07:17:59,239 judge_list Specified judge DAUJ is available
INFO 2021-11-15 07:17:59,239 judge_list Dispatched submission 7 to: DAUJ
INFO 2021-11-15 07:17:59,256 judge_handler Submission acknowledged: 7
INFO 2021-11-15 07:18:00,774 judge_handler DAUJ: Submission generated compiler messages: 7
INFO 2021-11-15 07:18:00,779 judge_handler DAUJ: Grading has begun on: 7
INFO 2021-11-15 07:18:00,977 judge_handler DAUJ: 2 test case(s) completed on: 7
INFO 2021-11-15 07:18:01,202 judge_handler DAUJ: 1 test case(s) completed on: 7
INFO 2021-11-15 07:18:01,219 judge_handler DAUJ: Grading has ended on: 7
INFO 2021-11-15 07:18:01,219 judge_list Judge available after grading 7: DAUJ
INFO 2021-11-15 07:18:10,651 judge_list Free judges: 1
INFO 2021-11-15 07:18:10,652 judge_list Dispatched submission 6 to: DAUJ
INFO 2021-11-15 07:18:10,665 judge_handler Submission acknowledged: 6
INFO 2021-11-15 07:18:11,995 judge_handler DAUJ: Submission generated compiler messages: 6
INFO 2021-11-15 07:18:11,999 judge_handler DAUJ: Grading has begun on: 6
INFO 2021-11-15 07:18:12,244 judge_handler DAUJ: 2 test case(s) completed on: 6
INFO 2021-11-15 07:18:12,288 judge_handler DAUJ: 1 test case(s) completed on: 6
INFO 2021-11-15 07:18:12,311 judge_handler DAUJ: Grading has ended on: 6
INFO 2021-11-15 07:18:12,311 judge_list Judge available after grading 6: DAUJ
----------------------------------------
Exception happened during processing of request from ('127.0.0.1', 52368)
Traceback (most recent call last):
  File "/home/nhat/Desktop/dmoj/dmojsite/lib/python3.8/site-packages/django/db/backends/utils.py", line 84, in _execute
    return self.cursor.execute(sql, params)
  File "/home/nhat/Desktop/dmoj/dmojsite/lib/python3.8/site-packages/django/db/backends/mysql/base.py", line 71, in execute
    return self.cursor.execute(query, args)
  File "/home/nhat/Desktop/dmoj/dmojsite/lib/python3.8/site-packages/MySQLdb/cursors.py", line 206, in execute
    res = self._query(query)
  File "/home/nhat/Desktop/dmoj/dmojsite/lib/python3.8/site-packages/MySQLdb/cursors.py", line 319, in _query
    db.query(q)
  File "/home/nhat/Desktop/dmoj/dmojsite/lib/python3.8/site-packages/MySQLdb/connections.py", line 259, in query
    _mysql.connection.query(self, query)
MySQLdb._exceptions.OperationalError: (1927, 'Connection was killed')

The above exception was the direct cause of the following exception:

Traceback (most recent call last):
  File "/usr/lib/python3.8/socketserver.py", line 683, in process_request_thread
    self.finish_request(request, client_address)
  File "/usr/lib/python3.8/socketserver.py", line 360, in finish_request
    self.RequestHandlerClass(request, client_address, self)
  File "/home/nhat/Desktop/dmoj/site/judge/bridge/base_handler.py", line 49, in __call__
    handler.on_disconnect()
  File "/home/nhat/Desktop/dmoj/site/judge/bridge/judge_handler.py", line 89, in on_disconnect
    self._disconnected()
  File "/home/nhat/Desktop/dmoj/site/judge/bridge/judge_handler.py", line 132, in _disconnected
    Judge.objects.filter(id=self.judge.id).update(online=False)
  File "/home/nhat/Desktop/dmoj/dmojsite/lib/python3.8/site-packages/django/db/models/query.py", line 741, in update
    rows = query.get_compiler(self.db).execute_sql(CURSOR)
  File "/home/nhat/Desktop/dmoj/dmojsite/lib/python3.8/site-packages/django/db/models/sql/compiler.py", line 1471, in execute_sql
    cursor = super().execute_sql(result_type)
  File "/home/nhat/Desktop/dmoj/dmojsite/lib/python3.8/site-packages/django/db/models/sql/compiler.py", line 1142, in execute_sql
    cursor.execute(sql, params)
  File "/home/nhat/Desktop/dmoj/dmojsite/lib/python3.8/site-packages/django/db/backends/utils.py", line 67, in execute
    return self._execute_with_wrappers(sql, params, many=False, executor=self._execute)
  File "/home/nhat/Desktop/dmoj/dmojsite/lib/python3.8/site-packages/django/db/backends/utils.py", line 76, in _execute_with_wrappers
    return executor(sql, params, many, context)
  File "/home/nhat/Desktop/dmoj/dmojsite/lib/python3.8/site-packages/django/db/backends/utils.py", line 84, in _execute
    return self.cursor.execute(sql, params)
  File "/home/nhat/Desktop/dmoj/dmojsite/lib/python3.8/site-packages/django/db/utils.py", line 89, in __exit__
    raise dj_exc_value.with_traceback(traceback) from exc_value
  File "/home/nhat/Desktop/dmoj/dmojsite/lib/python3.8/site-packages/django/db/backends/utils.py", line 84, in _execute
    return self.cursor.execute(sql, params)
  File "/home/nhat/Desktop/dmoj/dmojsite/lib/python3.8/site-packages/django/db/backends/mysql/base.py", line 71, in execute
    return self.cursor.execute(query, args)
  File "/home/nhat/Desktop/dmoj/dmojsite/lib/python3.8/site-packages/MySQLdb/cursors.py", line 206, in execute
    res = self._query(query)
  File "/home/nhat/Desktop/dmoj/dmojsite/lib/python3.8/site-packages/MySQLdb/cursors.py", line 319, in _query
    db.query(q)
  File "/home/nhat/Desktop/dmoj/dmojsite/lib/python3.8/site-packages/MySQLdb/connections.py", line 259, in query
    _mysql.connection.query(self, query)
django.db.utils.OperationalError: (1927, 'Connection was killed')
----------------------------------------
INFO 2021-11-15 07:33:10,034 daemon Exiting due to SIGINT
INFO 2021-11-15 07:35:20,206 judge_handler Judge connected from: ('127.0.0.1', 57364)
INFO 2021-11-15 07:35:20,210 judge_handler Judge authenticated: ('127.0.0.1', 57364) (DAUJ)
INFO 2021-11-15 08:03:27,410 judge_handler Judge disconnected from: ('127.0.0.1', 57364) with name DAUJ
INFO 2021-11-15 10:27:10,456 daemon Exiting due to SIGINT
INFO 2021-11-16 05:15:29,845 daemon Exiting due to SIGINT
INFO 2021-11-16 09:00:55,030 daemon Exiting due to SIGINT
INFO 2021-11-16 10:24:33,524 daemon Exiting due to SIGINT
INFO 2021-11-17 02:03:34,871 daemon Exiting due to SIGINT
INFO 2021-11-17 06:38:27,407 daemon Exiting due to SIGINT
INFO 2021-11-17 10:31:01,268 daemon Exiting due to SIGINT
INFO 2021-11-18 06:36:22,825 daemon Exiting due to SIGINT
INFO 2021-11-18 07:06:49,390 judge_handler Judge connected from: ('127.0.0.1', 38510)
INFO 2021-11-18 07:06:49,395 judge_handler Judge authenticated: ('127.0.0.1', 38510) (DAUJ)
INFO 2021-11-18 07:08:24,811 judge_list Specified judge DAUJ is available
INFO 2021-11-18 07:08:24,811 judge_list Dispatched submission 8 to: DAUJ
INFO 2021-11-18 07:08:24,820 judge_handler Submission acknowledged: 8
INFO 2021-11-18 07:08:26,403 judge_handler DAUJ: Submission generated compiler messages: 8
INFO 2021-11-18 07:08:26,411 judge_handler DAUJ: Grading has begun on: 8
INFO 2021-11-18 07:08:26,625 judge_handler DAUJ: 2 test case(s) completed on: 8
INFO 2021-11-18 07:08:26,675 judge_handler DAUJ: 1 test case(s) completed on: 8
INFO 2021-11-18 07:08:26,688 judge_handler DAUJ: Grading has ended on: 8
INFO 2021-11-18 07:08:26,688 judge_list Judge available after grading 8: DAUJ
INFO 2021-11-18 07:10:54,736 judge_list Free judges: 1
INFO 2021-11-18 07:10:54,736 judge_list Dispatched submission 9 to: DAUJ
INFO 2021-11-18 07:10:54,744 judge_handler Submission acknowledged: 9
INFO 2021-11-18 07:10:55,896 judge_handler DAUJ: Submission failed to compile: 9
INFO 2021-11-18 07:10:55,897 judge_list Judge available after grading 9: DAUJ
INFO 2021-11-18 07:11:10,177 judge_list Free judges: 1
INFO 2021-11-18 07:11:10,177 judge_list Dispatched submission 10 to: DAUJ
INFO 2021-11-18 07:11:10,186 judge_handler Submission acknowledged: 10
INFO 2021-11-18 07:11:11,392 judge_handler DAUJ: Submission generated compiler messages: 10
INFO 2021-11-18 07:11:11,400 judge_handler DAUJ: Grading has begun on: 10
INFO 2021-11-18 07:11:11,597 judge_handler DAUJ: 2 test case(s) completed on: 10
INFO 2021-11-18 07:11:11,653 judge_handler DAUJ: 1 test case(s) completed on: 10
INFO 2021-11-18 07:11:11,666 judge_handler DAUJ: Grading has ended on: 10
INFO 2021-11-18 07:11:11,666 judge_list Judge available after grading 10: DAUJ
INFO 2021-11-18 09:28:53,253 judge_handler Judge disconnected from: ('127.0.0.1', 38510) with name DAUJ
INFO 2021-11-18 10:29:14,429 daemon Exiting due to SIGINT
INFO 2021-11-19 05:38:13,793 daemon Exiting due to SIGINT
INFO 2021-11-19 09:13:31,593 daemon Exiting due to SIGINT
INFO 2021-11-19 10:13:56,835 daemon Exiting due to SIGINT
INFO 2021-11-22 03:20:59,383 daemon Exiting due to SIGINT
INFO 2021-11-22 07:04:33,054 daemon Exiting due to SIGINT
INFO 2021-11-22 08:29:18,700 daemon Exiting due to SIGINT
INFO 2021-11-22 10:21:05,183 daemon Exiting due to SIGINT
INFO 2021-11-23 10:08:22,270 daemon Exiting due to SIGINT
INFO 2021-11-24 10:26:13,500 daemon Exiting due to SIGINT
INFO 2021-11-25 10:33:53,039 daemon Exiting due to SIGINT
INFO 2021-11-26 10:30:14,546 daemon Exiting due to SIGINT
INFO 2021-11-29 07:28:53,485 judge_list Free judges: 0
INFO 2021-11-29 07:28:53,552 judge_list Queued submission: 10
INFO 2021-11-29 10:28:35,637 daemon Exiting due to SIGINT
INFO 2021-11-30 04:03:17,068 judge_handler Judge connected from: ('127.0.0.1', 34594)
INFO 2021-11-30 04:03:17,134 judge_handler Judge authenticated: ('127.0.0.1', 34594) (DAUJ)
INFO 2021-11-30 04:06:16,970 judge_handler Judge disconnected from: ('127.0.0.1', 34594) with name DAUJ
INFO 2021-11-30 07:07:57,378 judge_handler Judge connected from: ('127.0.0.1', 37706)
INFO 2021-11-30 07:07:57,383 judge_handler Judge authenticated: ('127.0.0.1', 37706) (DAUJ)
INFO 2021-11-30 07:23:24,024 judge_handler Judge disconnected from: ('127.0.0.1', 37706) with name DAUJ
INFO 2021-12-11 05:53:09,131 daemon Exiting due to SIGINT
INFO 2021-12-11 09:01:35,340 judge_handler Judge connected from: ('127.0.0.1', 42596)
INFO 2021-12-11 09:01:35,344 judge_handler Judge authenticated: ('127.0.0.1', 42596) (DAUJ)
INFO 2021-12-11 09:03:32,643 judge_list Free judges: 1
INFO 2021-12-11 09:03:32,643 judge_list Dispatched submission 18 to: DAUJ
INFO 2021-12-11 09:03:32,650 judge_handler Submission acknowledged: 18
INFO 2021-12-11 09:03:34,227 judge_handler DAUJ: Submission generated compiler messages: 18
INFO 2021-12-11 09:03:34,235 judge_handler DAUJ: Grading has begun on: 18
INFO 2021-12-11 09:03:34,269 judge_handler DAUJ: 3 test case(s) completed on: 18
INFO 2021-12-11 09:03:34,278 judge_handler DAUJ: Grading has ended on: 18
INFO 2021-12-11 09:03:34,278 judge_list Judge available after grading 18: DAUJ
INFO 2021-12-11 09:05:55,450 judge_list Free judges: 1
INFO 2021-12-11 09:05:55,450 judge_list Dispatched submission 19 to: DAUJ
INFO 2021-12-11 09:05:55,456 judge_handler Submission acknowledged: 19
INFO 2021-12-11 09:05:56,924 judge_handler DAUJ: Submission generated compiler messages: 19
INFO 2021-12-11 09:05:56,930 judge_handler DAUJ: Grading has begun on: 19
INFO 2021-12-11 09:05:56,969 judge_handler DAUJ: 3 test case(s) completed on: 19
INFO 2021-12-11 09:05:56,978 judge_handler DAUJ: Grading has ended on: 19
INFO 2021-12-11 09:05:56,979 judge_list Judge available after grading 19: DAUJ
INFO 2021-12-11 11:08:30,852 judge_handler Judge disconnected from: ('127.0.0.1', 42596) with name DAUJ
INFO 2021-12-11 11:08:43,834 daemon Exiting due to SIGINT
INFO 2021-12-12 08:12:03,159 judge_handler Judge connected from: ('127.0.0.1', 56568)
INFO 2021-12-12 08:12:03,163 judge_handler Judge authenticated: ('127.0.0.1', 56568) (DAUJ)
INFO 2021-12-12 12:37:24,085 judge_handler Judge disconnected from: ('127.0.0.1', 56568) with name DAUJ
INFO 2021-12-12 13:04:23,272 daemon Exiting due to SIGINT
INFO 2021-12-13 10:55:02,657 daemon Exiting due to SIGINT
INFO 2021-12-14 13:19:22,739 daemon Exiting due to SIGINT
INFO 2021-12-14 15:29:18,647 daemon Exiting due to SIGINT
INFO 2021-12-14 18:30:33,595 daemon Exiting due to SIGINT
INFO 2021-12-15 12:17:00,911 daemon Exiting due to SIGINT
INFO 2021-12-15 12:30:24,352 daemon Exiting due to SIGINT
INFO 2021-12-15 15:33:59,151 daemon Exiting due to SIGINT
INFO 2021-12-15 18:24:38,948 daemon Exiting due to SIGINT
INFO 2021-12-16 15:56:54,341 daemon Exiting due to SIGINT
INFO 2021-12-16 19:16:41,376 daemon Exiting due to SIGINT
INFO 2021-12-17 09:43:38,970 daemon Exiting due to SIGINT
INFO 2021-12-18 03:55:02,874 judge_handler Judge connected from: ('127.0.0.1', 48792)
INFO 2021-12-18 03:55:02,879 judge_handler Judge authenticated: ('127.0.0.1', 48792) (DAUJ)
INFO 2021-12-18 06:11:47,738 daemon Exiting due to SIGINT
INFO 2021-12-20 04:12:13,109 judge_handler Judge connected from: ('127.0.0.1', 45170)
INFO 2021-12-20 04:12:13,114 judge_handler Judge authenticated: ('127.0.0.1', 45170) (DAUJ)
INFO 2021-12-20 04:27:08,908 judge_handler Judge disconnected from: ('127.0.0.1', 45170) with name DAUJ
INFO 2021-12-20 05:53:32,985 judge_handler Judge connected from: ('127.0.0.1', 47314)
INFO 2021-12-20 05:53:33,031 judge_handler Judge authenticated: ('127.0.0.1', 47314) (DAUJ)
INFO 2021-12-20 06:00:55,309 judge_list Free judges: 1
INFO 2021-12-20 06:00:55,334 judge_list Dispatched submission 20 to: DAUJ
INFO 2021-12-20 06:00:55,359 judge_handler Submission acknowledged: 20
INFO 2021-12-20 06:01:01,544 judge_handler DAUJ: Submission generated compiler messages: 20
INFO 2021-12-20 06:01:04,616 judge_handler DAUJ: Grading has begun on: 20
INFO 2021-12-20 06:01:10,761 judge_handler DAUJ: 2 test case(s) completed on: 20
INFO 2021-12-20 06:01:15,383 judge_list Free judges: 0
INFO 2021-12-20 06:01:15,383 judge_list Queued submission: 21
INFO 2021-12-20 06:01:16,909 judge_handler DAUJ: 1 test case(s) completed on: 20
INFO 2021-12-20 06:01:23,052 judge_handler DAUJ: Grading has ended on: 20
INFO 2021-12-20 06:01:23,053 judge_list Judge available after grading 20: DAUJ
INFO 2021-12-20 06:01:23,053 judge_list Dispatched queued submission 21: DAUJ
INFO 2021-12-20 06:01:32,276 judge_handler Submission acknowledged: 21
INFO 2021-12-20 06:01:38,408 judge_handler DAUJ: Submission generated compiler messages: 21
INFO 2021-12-20 06:01:41,480 judge_handler DAUJ: Grading has begun on: 21
INFO 2021-12-20 06:01:47,624 judge_handler DAUJ: 3 test case(s) completed on: 21
INFO 2021-12-20 06:01:53,785 judge_handler DAUJ: Grading has ended on: 21
INFO 2021-12-20 06:01:53,786 judge_list Judge available after grading 21: DAUJ
INFO 2021-12-20 06:08:50,282 judge_list Free judges: 1
INFO 2021-12-20 06:08:50,282 judge_list Dispatched submission 22 to: DAUJ
INFO 2021-12-20 06:08:50,294 judge_handler Submission acknowledged: 22
INFO 2021-12-20 06:08:56,456 judge_handler DAUJ: Submission generated compiler messages: 22
INFO 2021-12-20 06:08:59,528 judge_handler DAUJ: Grading has begun on: 22
INFO 2021-12-20 06:09:05,672 judge_handler DAUJ: 2 test case(s) completed on: 22
INFO 2021-12-20 06:09:08,642 judge_list Free judges: 0
INFO 2021-12-20 06:09:08,643 judge_list Queued submission: 23
INFO 2021-12-20 06:09:11,821 judge_handler DAUJ: 1 test case(s) completed on: 22
INFO 2021-12-20 06:09:17,967 judge_handler DAUJ: Grading has ended on: 22
INFO 2021-12-20 06:09:17,968 judge_list Judge available after grading 22: DAUJ
INFO 2021-12-20 06:09:17,968 judge_list Dispatched queued submission 23: DAUJ
INFO 2021-12-20 06:09:27,196 judge_handler Submission acknowledged: 23
INFO 2021-12-20 06:09:33,320 judge_handler DAUJ: Submission generated compiler messages: 23
INFO 2021-12-20 06:09:36,396 judge_handler DAUJ: Grading has begun on: 23
INFO 2021-12-20 06:09:42,536 judge_handler DAUJ: 3 test case(s) completed on: 23
INFO 2021-12-20 06:09:48,686 judge_handler DAUJ: Grading has ended on: 23
INFO 2021-12-20 06:09:48,686 judge_list Judge available after grading 23: DAUJ
INFO 2021-12-23 03:07:12,570 daemon Exiting due to SIGINT
INFO 2021-12-23 03:26:47,628 judge_handler Judge connected from: ('127.0.0.1', 52712)
WARNING 2021-12-23 03:26:47,703 judge_handler {"judge": "judge1", "address": null, "action": "auth", "info": "judge failed authentication"}
WARNING 2021-12-23 03:26:47,704 judge_handler Authentication failure: ('127.0.0.1', 52712)
INFO 2021-12-23 03:26:47,704 judge_handler Judge disconnected from: ('127.0.0.1', 52712) with name None
INFO 2021-12-23 03:26:51,710 judge_handler Judge connected from: ('127.0.0.1', 52716)
WARNING 2021-12-23 03:26:51,713 judge_handler {"judge": "judge1", "address": null, "action": "auth", "info": "judge failed authentication"}
WARNING 2021-12-23 03:26:51,714 judge_handler Authentication failure: ('127.0.0.1', 52716)
INFO 2021-12-23 03:26:51,714 judge_handler Judge disconnected from: ('127.0.0.1', 52716) with name None
INFO 2021-12-23 03:30:03,738 judge_handler Judge connected from: ('127.0.0.1', 52770)
INFO 2021-12-23 03:30:03,742 judge_handler Judge authenticated: ('127.0.0.1', 52770) (DAUJ)
INFO 2021-12-23 03:32:39,352 judge_list Specified judge DAUJ is available
INFO 2021-12-23 03:32:39,352 judge_list Dispatched submission 1 to: DAUJ
INFO 2021-12-23 03:32:39,360 judge_handler Submission acknowledged: 1
INFO 2021-12-23 03:32:41,137 judge_handler DAUJ: Submission generated compiler messages: 1
INFO 2021-12-23 03:32:41,144 judge_handler DAUJ: Grading has begun on: 1
INFO 2021-12-23 03:32:41,317 judge_handler DAUJ: 2 test case(s) completed on: 1
INFO 2021-12-23 03:32:41,568 judge_handler DAUJ: 1 test case(s) completed on: 1
INFO 2021-12-23 03:32:41,576 judge_handler DAUJ: Grading has ended on: 1
INFO 2021-12-23 03:32:41,576 judge_list Judge available after grading 1: DAUJ
INFO 2021-12-23 03:33:31,489 judge_handler Judge disconnected from: ('127.0.0.1', 52770) with name DAUJ
INFO 2021-12-23 03:58:45,637 judge_handler Judge connected from: ('127.0.0.1', 52988)
INFO 2021-12-23 03:58:45,653 judge_handler Judge authenticated: ('127.0.0.1', 52988) (DAUJ)
INFO 2021-12-23 04:06:04,259 judge_handler Judge disconnected from: ('127.0.0.1', 52988) with name DAUJ
INFO 2021-12-23 05:54:05,261 daemon Exiting due to SIGINT
INFO 2021-12-23 06:01:03,512 judge_handler Judge connected from: ('127.0.0.1', 52414)
INFO 2021-12-23 06:01:03,587 judge_handler Judge authenticated: ('127.0.0.1', 52414) (DAUJ)
INFO 2021-12-23 06:35:07,873 judge_handler Judge disconnected from: ('127.0.0.1', 52414) with name DAUJ
INFO 2021-12-23 06:35:28,904 daemon Exiting due to SIGINT
INFO 2021-12-23 06:59:05,980 judge_handler Judge connected from: ('127.0.0.1', 52832)
INFO 2021-12-23 06:59:05,984 judge_handler Judge authenticated: ('127.0.0.1', 52832) (DAUJ)
INFO 2021-12-23 07:00:50,457 judge_list Specified judge DAUJ is available
INFO 2021-12-23 07:00:50,458 judge_list Dispatched submission 2 to: DAUJ
INFO 2021-12-23 07:00:50,466 judge_handler Submission acknowledged: 2
INFO 2021-12-23 07:00:50,559 judge_handler DAUJ: Submission generated compiler messages: 2
INFO 2021-12-23 07:00:50,564 judge_handler DAUJ: Grading has begun on: 2
INFO 2021-12-23 07:00:50,719 judge_handler DAUJ: 1 test case(s) completed on: 2
INFO 2021-12-23 07:00:50,824 judge_handler DAUJ: 2 test case(s) completed on: 2
INFO 2021-12-23 07:00:50,831 judge_handler DAUJ: Grading has ended on: 2
INFO 2021-12-23 07:00:50,831 judge_list Judge available after grading 2: DAUJ
INFO 2021-12-23 07:02:37,828 judge_list Specified judge DAUJ is available
INFO 2021-12-23 07:02:37,829 judge_list Dispatched submission 3 to: DAUJ
INFO 2021-12-23 07:02:37,841 judge_handler Submission acknowledged: 3
INFO 2021-12-23 07:02:37,922 judge_handler DAUJ: Submission generated compiler messages: 3
INFO 2021-12-23 07:02:37,926 judge_handler DAUJ: Grading has begun on: 3
INFO 2021-12-23 07:02:38,127 judge_handler DAUJ: 2 test case(s) completed on: 3
INFO 2021-12-23 07:02:38,137 judge_handler DAUJ: 1 test case(s) completed on: 3
INFO 2021-12-23 07:02:38,146 judge_handler DAUJ: Grading has ended on: 3
INFO 2021-12-23 07:02:38,146 judge_list Judge available after grading 3: DAUJ
INFO 2021-12-23 07:47:54,806 judge_handler Judge disconnected from: ('127.0.0.1', 52832) with name DAUJ
INFO 2021-12-23 07:55:54,042 judge_handler Judge connected from: ('127.0.0.1', 53084)
INFO 2021-12-23 07:55:54,047 judge_handler Judge authenticated: ('127.0.0.1', 53084) (DAUJ)
INFO 2021-12-23 07:56:41,375 judge_list Specified judge DAUJ is available
INFO 2021-12-23 07:56:41,375 judge_list Dispatched submission 4 to: DAUJ
INFO 2021-12-23 07:56:41,383 judge_handler Submission acknowledged: 4
INFO 2021-12-23 07:56:43,652 judge_handler DAUJ: Submission generated compiler messages: 4
INFO 2021-12-23 07:56:43,660 judge_handler DAUJ: Grading has begun on: 4
INFO 2021-12-23 07:56:43,723 judge_handler DAUJ: 3 test case(s) completed on: 4
INFO 2021-12-23 07:56:43,730 judge_handler DAUJ: Grading has ended on: 4
INFO 2021-12-23 07:56:43,731 judge_list Judge available after grading 4: DAUJ
INFO 2021-12-23 07:57:00,249 judge_handler Judge disconnected from: ('127.0.0.1', 53084) with name DAUJ
INFO 2021-12-23 08:15:25,734 judge_handler Judge connected from: ('127.0.0.1', 53220)
INFO 2021-12-23 08:15:25,738 judge_handler Judge authenticated: ('127.0.0.1', 53220) (DAUJ)
INFO 2021-12-23 08:15:51,694 judge_list Specified judge DAUJ is available
INFO 2021-12-23 08:15:51,694 judge_list Dispatched submission 5 to: DAUJ
INFO 2021-12-23 08:15:51,702 judge_handler Submission acknowledged: 5
INFO 2021-12-23 08:15:54,010 judge_handler DAUJ: Submission generated compiler messages: 5
INFO 2021-12-23 08:15:54,016 judge_handler DAUJ: Grading has begun on: 5
INFO 2021-12-23 08:15:54,104 judge_handler DAUJ: 4 test case(s) completed on: 5
INFO 2021-12-23 08:15:54,113 judge_handler DAUJ: Grading has ended on: 5
INFO 2021-12-23 08:15:54,114 judge_list Judge available after grading 5: DAUJ
INFO 2021-12-23 08:17:19,711 judge_list Free judges: 1
INFO 2021-12-23 08:17:19,711 judge_list Dispatched submission 5 to: DAUJ
INFO 2021-12-23 08:17:19,722 judge_handler Submission acknowledged: 5
INFO 2021-12-23 08:17:21,762 judge_handler DAUJ: Submission generated compiler messages: 5
INFO 2021-12-23 08:17:21,766 judge_handler DAUJ: Grading has begun on: 5
INFO 2021-12-23 08:17:21,810 judge_handler DAUJ: 4 test case(s) completed on: 5
INFO 2021-12-23 08:17:21,822 judge_handler DAUJ: Grading has ended on: 5
INFO 2021-12-23 08:17:21,822 judge_list Judge available after grading 5: DAUJ
INFO 2021-12-23 08:51:53,117 judge_handler Judge disconnected from: ('127.0.0.1', 53220) with name DAUJ
INFO 2021-12-23 08:52:03,801 judge_handler Judge connected from: ('127.0.0.1', 53432)
INFO 2021-12-23 08:52:03,805 judge_handler Judge authenticated: ('127.0.0.1', 53432) (DAUJ)
INFO 2021-12-23 08:52:10,078 judge_list Free judges: 1
INFO 2021-12-23 08:52:10,079 judge_list Dispatched submission 5 to: DAUJ
INFO 2021-12-23 08:52:10,086 judge_handler Submission acknowledged: 5
INFO 2021-12-23 08:52:12,293 judge_handler DAUJ: Submission generated compiler messages: 5
INFO 2021-12-23 08:52:12,303 judge_handler DAUJ: Grading has begun on: 5
INFO 2021-12-23 08:52:12,354 judge_handler DAUJ: 3 test case(s) completed on: 5
INFO 2021-12-23 08:52:12,361 judge_handler DAUJ: Grading has ended on: 5
INFO 2021-12-23 08:52:12,362 judge_list Judge available after grading 5: DAUJ
INFO 2021-12-23 08:55:19,161 judge_list Free judges: 1
INFO 2021-12-23 08:55:19,162 judge_list Dispatched submission 6 to: DAUJ
INFO 2021-12-23 08:55:19,174 judge_handler Submission acknowledged: 6
INFO 2021-12-23 08:55:21,440 judge_handler DAUJ: Submission generated compiler messages: 6
INFO 2021-12-23 08:55:21,445 judge_handler DAUJ: Grading has begun on: 6
INFO 2021-12-23 08:55:21,480 judge_handler DAUJ: 3 test case(s) completed on: 6
INFO 2021-12-23 08:55:21,498 judge_handler DAUJ: Grading has ended on: 6
INFO 2021-12-23 08:55:21,499 judge_list Judge available after grading 6: DAUJ
INFO 2021-12-23 09:08:21,388 judge_handler Judge disconnected from: ('127.0.0.1', 53432) with name DAUJ
INFO 2021-12-23 09:41:06,765 judge_handler Judge connected from: ('127.0.0.1', 53730)
INFO 2021-12-23 09:41:06,850 judge_handler Judge authenticated: ('127.0.0.1', 53730) (DAUJ)
INFO 2021-12-23 09:41:16,732 judge_handler Judge disconnected from: ('127.0.0.1', 53730) with name DAUJ
INFO 2021-12-23 09:42:16,345 judge_handler Judge connected from: ('127.0.0.1', 53734)
INFO 2021-12-23 09:42:16,375 judge_handler Judge authenticated: ('127.0.0.1', 53734) (DAUJ)
INFO 2021-12-23 09:46:14,116 judge_list Specified judge DAUJ is available
INFO 2021-12-23 09:46:14,117 judge_list Dispatched submission 7 to: DAUJ
INFO 2021-12-23 09:46:14,129 judge_handler Submission acknowledged: 7
INFO 2021-12-23 09:46:14,252 judge_handler DAUJ: Grading has begun on: 7
INFO 2021-12-23 09:46:14,300 judge_handler DAUJ: 2 test case(s) completed on: 7
INFO 2021-12-23 09:46:14,313 judge_handler DAUJ: 1 test case(s) completed on: 7
INFO 2021-12-23 09:46:14,323 judge_handler DAUJ: Grading has ended on: 7
INFO 2021-12-23 09:46:14,323 judge_list Judge available after grading 7: DAUJ
INFO 2021-12-23 09:46:24,394 judge_list Free judges: 1
INFO 2021-12-23 09:46:24,395 judge_list Dispatched submission 7 to: DAUJ
INFO 2021-12-23 09:46:24,406 judge_handler Submission acknowledged: 7
INFO 2021-12-23 09:46:24,439 judge_handler DAUJ: Grading has begun on: 7
INFO 2021-12-23 09:46:24,509 judge_handler DAUJ: 3 test case(s) completed on: 7
INFO 2021-12-23 09:46:24,518 judge_handler DAUJ: Grading has ended on: 7
INFO 2021-12-23 09:46:24,519 judge_list Judge available after grading 7: DAUJ
INFO 2021-12-23 09:46:59,585 judge_list Specified judge DAUJ is available
INFO 2021-12-23 09:46:59,585 judge_list Dispatched submission 8 to: DAUJ
INFO 2021-12-23 09:46:59,596 judge_handler Submission acknowledged: 8
INFO 2021-12-23 09:46:59,631 judge_handler DAUJ: Grading has begun on: 8
INFO 2021-12-23 09:46:59,701 judge_handler DAUJ: 3 test case(s) completed on: 8
INFO 2021-12-23 09:46:59,712 judge_handler DAUJ: Grading has ended on: 8
INFO 2021-12-23 09:46:59,713 judge_list Judge available after grading 8: DAUJ
INFO 2021-12-23 09:47:07,315 judge_list Free judges: 1
INFO 2021-12-23 09:47:07,315 judge_list Dispatched submission 8 to: DAUJ
INFO 2021-12-23 09:47:07,327 judge_handler Submission acknowledged: 8
INFO 2021-12-23 09:47:07,353 judge_handler DAUJ: Grading has begun on: 8
INFO 2021-12-23 09:47:07,424 judge_handler DAUJ: 3 test case(s) completed on: 8
INFO 2021-12-23 09:47:07,432 judge_handler DAUJ: Grading has ended on: 8
INFO 2021-12-23 09:47:07,433 judge_list Judge available after grading 8: DAUJ
INFO 2021-12-23 09:47:11,546 judge_list Free judges: 1
INFO 2021-12-23 09:47:11,546 judge_list Dispatched submission 8 to: DAUJ
INFO 2021-12-23 09:47:11,557 judge_handler Submission acknowledged: 8
INFO 2021-12-23 09:47:11,584 judge_handler DAUJ: Grading has begun on: 8
INFO 2021-12-23 09:47:11,631 judge_handler DAUJ: 2 test case(s) completed on: 8
INFO 2021-12-23 09:47:11,662 judge_handler DAUJ: 1 test case(s) completed on: 8
INFO 2021-12-23 09:47:11,670 judge_handler DAUJ: Grading has ended on: 8
INFO 2021-12-23 09:47:11,671 judge_list Judge available after grading 8: DAUJ
INFO 2021-12-23 09:53:20,962 judge_list Specified judge DAUJ is available
INFO 2021-12-23 09:53:20,962 judge_list Dispatched submission 9 to: DAUJ
INFO 2021-12-23 09:53:20,973 judge_handler Submission acknowledged: 9
INFO 2021-12-23 09:53:21,012 judge_handler DAUJ: Grading has begun on: 9
INFO 2021-12-23 09:53:21,180 judge_handler DAUJ: 2 test case(s) completed on: 9
INFO 2021-12-23 09:53:21,421 judge_handler DAUJ: 1 test case(s) completed on: 9
INFO 2021-12-23 09:53:21,430 judge_handler DAUJ: Grading has ended on: 9
INFO 2021-12-23 09:53:21,431 judge_list Judge available after grading 9: DAUJ
INFO 2021-12-23 10:12:17,692 judge_handler Judge disconnected from: ('127.0.0.1', 53734) with name DAUJ
INFO 2021-12-23 10:12:25,443 judge_handler Judge connected from: ('127.0.0.1', 54090)
INFO 2021-12-23 10:12:25,450 judge_handler Judge authenticated: ('127.0.0.1', 54090) (DAUJ)
INFO 2021-12-23 10:14:54,626 judge_list Specified judge DAUJ is available
INFO 2021-12-23 10:14:54,627 judge_list Dispatched submission 10 to: DAUJ
INFO 2021-12-23 10:14:54,634 judge_handler Submission acknowledged: 10
INFO 2021-12-23 10:14:54,704 judge_handler DAUJ: Grading has begun on: 10
INFO 2021-12-23 10:14:54,754 judge_handler DAUJ: 1 test case(s) completed on: 10
INFO 2021-12-23 10:14:54,821 judge_handler DAUJ: 2 test case(s) completed on: 10
INFO 2021-12-23 10:14:54,830 judge_handler DAUJ: Grading has ended on: 10
INFO 2021-12-23 10:14:54,830 judge_list Judge available after grading 10: DAUJ
INFO 2021-12-23 10:15:20,982 judge_list Specified judge DAUJ is available
INFO 2021-12-23 10:15:20,983 judge_list Dispatched submission 11 to: DAUJ
INFO 2021-12-23 10:15:20,994 judge_handler Submission acknowledged: 11
INFO 2021-12-23 10:15:21,029 judge_handler DAUJ: Grading has begun on: 11
INFO 2021-12-23 10:15:21,280 judge_handler DAUJ: 3 test case(s) completed on: 11
INFO 2021-12-23 10:15:21,293 judge_handler DAUJ: Grading has ended on: 11
INFO 2021-12-23 10:15:21,293 judge_list Judge available after grading 11: DAUJ
INFO 2021-12-23 10:46:46,852 judge_handler Judge disconnected from: ('127.0.0.1', 54090) with name DAUJ
INFO 2021-12-24 03:25:10,167 daemon Exiting due to SIGINT
INFO 2021-12-24 06:22:07,221 daemon Exiting due to SIGINT
INFO 2021-12-24 06:30:24,531 judge_handler Judge connected from: ('127.0.0.1', 43446)
INFO 2021-12-24 06:30:24,536 judge_handler Judge authenticated: ('127.0.0.1', 43446) (DAUJ)
INFO 2021-12-24 06:33:08,973 judge_list Specified judge DAUJ is available
INFO 2021-12-24 06:33:08,973 judge_list Dispatched submission 12 to: DAUJ
INFO 2021-12-24 06:33:08,982 judge_handler Submission acknowledged: 12
INFO 2021-12-24 06:33:10,857 judge_handler DAUJ: Submission generated compiler messages: 12
INFO 2021-12-24 06:33:10,871 judge_handler DAUJ: Grading has begun on: 12
INFO 2021-12-24 06:33:11,125 judge_handler DAUJ: 2 test case(s) completed on: 12
INFO 2021-12-24 06:33:11,276 judge_handler DAUJ: 1 test case(s) completed on: 12
INFO 2021-12-24 06:33:11,286 judge_handler DAUJ: Grading has ended on: 12
INFO 2021-12-24 06:33:11,286 judge_list Judge available after grading 12: DAUJ
INFO 2021-12-24 06:42:51,088 judge_handler Judge disconnected from: ('127.0.0.1', 43446) with name DAUJ
INFO 2021-12-24 06:59:45,648 judge_handler Judge connected from: ('127.0.0.1', 43556)
INFO 2021-12-24 06:59:45,655 judge_handler Judge authenticated: ('127.0.0.1', 43556) (DAUJ)
INFO 2021-12-24 07:07:23,736 judge_handler Judge disconnected from: ('127.0.0.1', 43556) with name DAUJ
INFO 2021-12-24 07:12:44,441 judge_handler Judge connected from: ('127.0.0.1', 43640)
INFO 2021-12-24 07:12:44,445 judge_handler Judge authenticated: ('127.0.0.1', 43640) (DAUJ)
INFO 2021-12-24 07:30:49,528 judge_list Free judges: 1
INFO 2021-12-24 07:30:49,528 judge_list Dispatched submission 13 to: DAUJ
INFO 2021-12-24 07:30:49,535 judge_handler Submission acknowledged: 13
INFO 2021-12-24 07:30:51,179 judge_handler DAUJ: Submission generated compiler messages: 13
INFO 2021-12-24 07:30:51,184 judge_handler DAUJ: Grading has begun on: 13
INFO 2021-12-24 07:30:51,333 judge_handler DAUJ: 2 test case(s) completed on: 13
INFO 2021-12-24 07:30:51,605 judge_handler DAUJ: 1 test case(s) completed on: 13
INFO 2021-12-24 07:30:51,613 judge_handler DAUJ: Grading has ended on: 13
INFO 2021-12-24 07:30:51,613 judge_list Judge available after grading 13: DAUJ
INFO 2021-12-24 07:31:12,827 judge_list Free judges: 1
INFO 2021-12-24 07:31:12,827 judge_list Dispatched submission 14 to: DAUJ
INFO 2021-12-24 07:31:12,838 judge_handler Submission acknowledged: 14
INFO 2021-12-24 07:31:12,871 judge_handler DAUJ: Grading has begun on: 14
INFO 2021-12-24 07:31:13,117 judge_handler DAUJ: 2 test case(s) completed on: 14
INFO 2021-12-24 07:31:13,204 judge_handler DAUJ: 1 test case(s) completed on: 14
INFO 2021-12-24 07:31:13,213 judge_handler DAUJ: Grading has ended on: 14
INFO 2021-12-24 07:31:13,213 judge_list Judge available after grading 14: DAUJ
INFO 2021-12-24 07:52:13,072 judge_handler Judge disconnected from: ('127.0.0.1', 43640) with name DAUJ
INFO 2021-12-27 07:00:23,400 judge_handler Judge connected from: ('127.0.0.1', 46070)
INFO 2021-12-27 07:00:23,407 judge_handler Judge authenticated: ('127.0.0.1', 46070) (DAUJ)
INFO 2021-12-27 07:00:51,095 judge_handler Judge disconnected from: ('127.0.0.1', 46070) with name DAUJ
INFO 2021-12-27 08:33:41,280 judge_handler Judge connected from: ('127.0.0.1', 46178)
INFO 2021-12-27 08:33:41,284 judge_handler Judge authenticated: ('127.0.0.1', 46178) (DAUJ)
INFO 2021-12-27 08:34:09,093 judge_list Specified judge DAUJ is available
INFO 2021-12-27 08:34:09,094 judge_list Dispatched submission 15 to: DAUJ
INFO 2021-12-27 08:34:09,101 judge_handler Submission acknowledged: 15
INFO 2021-12-27 08:34:11,519 judge_handler DAUJ: Submission generated compiler messages: 15
INFO 2021-12-27 08:34:11,526 judge_handler DAUJ: Grading has begun on: 15
INFO 2021-12-27 08:34:11,592 judge_handler DAUJ: 5 test case(s) completed on: 15
INFO 2021-12-27 08:34:11,600 judge_handler DAUJ: Grading has ended on: 15
INFO 2021-12-27 08:34:11,600 judge_list Judge available after grading 15: DAUJ
INFO 2021-12-27 08:35:34,231 judge_list Specified judge DAUJ is available
INFO 2021-12-27 08:35:34,231 judge_list Dispatched submission 16 to: DAUJ
INFO 2021-12-27 08:35:34,240 judge_handler Submission acknowledged: 16
INFO 2021-12-27 08:35:34,865 judge_handler DAUJ: Submission generated compiler messages: 16
INFO 2021-12-27 08:35:34,873 judge_handler DAUJ: Grading has begun on: 16
INFO 2021-12-27 08:35:34,930 judge_handler DAUJ: 5 test case(s) completed on: 16
INFO 2021-12-27 08:35:34,940 judge_handler DAUJ: Grading has ended on: 16
INFO 2021-12-27 08:35:34,940 judge_list Judge available after grading 16: DAUJ
INFO 2021-12-27 09:25:38,962 judge_handler Judge disconnected from: ('127.0.0.1', 46178) with name DAUJ
INFO 2021-12-27 09:31:01,815 judge_handler Judge connected from: ('127.0.0.1', 46686)
INFO 2021-12-27 09:31:01,820 judge_handler Judge authenticated: ('127.0.0.1', 46686) (DAUJ)
INFO 2021-12-27 10:10:57,694 judge_list Free judges: 1
INFO 2021-12-27 10:10:57,696 judge_list Dispatched submission 17 to: DAUJ
INFO 2021-12-27 10:10:57,710 judge_handler Submission acknowledged: 17
INFO 2021-12-27 10:10:57,818 judge_handler DAUJ: Grading has begun on: 17
INFO 2021-12-27 10:10:57,991 judge_handler DAUJ: 4 test case(s) completed on: 17
INFO 2021-12-27 10:10:58,007 judge_handler DAUJ: 1 test case(s) completed on: 17
INFO 2021-12-27 10:10:58,013 judge_handler DAUJ: Grading has ended on: 17
INFO 2021-12-27 10:10:58,013 judge_list Judge available after grading 17: DAUJ
INFO 2021-12-27 10:11:43,009 judge_list Abort request: 17
INFO 2021-12-27 10:12:33,575 judge_list Free judges: 1
INFO 2021-12-27 10:12:33,575 judge_list Dispatched submission 18 to: DAUJ
INFO 2021-12-27 10:12:33,589 judge_handler Submission acknowledged: 18
INFO 2021-12-27 10:12:33,622 judge_handler DAUJ: Grading has begun on: 18
INFO 2021-12-27 10:12:33,691 judge_handler DAUJ: 5 test case(s) completed on: 18
INFO 2021-12-27 10:12:33,699 judge_handler DAUJ: Grading has ended on: 18
INFO 2021-12-27 10:12:33,699 judge_list Judge available after grading 18: DAUJ
INFO 2021-12-27 10:19:14,366 judge_list Free judges: 1
INFO 2021-12-27 10:19:14,367 judge_list Dispatched submission 19 to: DAUJ
INFO 2021-12-27 10:19:14,379 judge_handler Submission acknowledged: 19
INFO 2021-12-27 10:19:14,409 judge_handler DAUJ: Grading has begun on: 19
INFO 2021-12-27 10:19:14,484 judge_handler DAUJ: 2 test case(s) completed on: 19
INFO 2021-12-27 10:19:14,540 judge_handler DAUJ: 3 test case(s) completed on: 19
INFO 2021-12-27 10:19:14,549 judge_handler DAUJ: Grading has ended on: 19
INFO 2021-12-27 10:19:14,550 judge_list Judge available after grading 19: DAUJ
INFO 2021-12-27 10:19:40,994 judge_list Free judges: 1
INFO 2021-12-27 10:19:40,995 judge_list Dispatched submission 20 to: DAUJ
INFO 2021-12-27 10:19:41,006 judge_handler Submission acknowledged: 20
INFO 2021-12-27 10:19:41,039 judge_handler DAUJ: Grading has begun on: 20
INFO 2021-12-27 10:19:41,131 judge_handler DAUJ: 5 test case(s) completed on: 20
INFO 2021-12-27 10:19:41,141 judge_handler DAUJ: Grading has ended on: 20
INFO 2021-12-27 10:19:41,141 judge_list Judge available after grading 20: DAUJ
INFO 2021-12-27 10:48:31,601 judge_list Specified judge DAUJ is available
INFO 2021-12-27 10:48:31,602 judge_list Dispatched submission 21 to: DAUJ
INFO 2021-12-27 10:48:31,618 judge_handler Submission acknowledged: 21
INFO 2021-12-27 10:48:31,672 judge_handler DAUJ: Grading has begun on: 21
INFO 2021-12-27 10:48:31,856 judge_handler DAUJ: 2 test case(s) completed on: 21
INFO 2021-12-27 10:48:31,929 judge_handler DAUJ: 3 test case(s) completed on: 21
INFO 2021-12-27 10:48:31,938 judge_handler DAUJ: Grading has ended on: 21
INFO 2021-12-27 10:48:31,939 judge_list Judge available after grading 21: DAUJ
INFO 2021-12-27 10:49:29,579 judge_list Specified judge DAUJ is available
INFO 2021-12-27 10:49:29,580 judge_list Dispatched submission 22 to: DAUJ
INFO 2021-12-27 10:49:29,591 judge_handler Submission acknowledged: 22
INFO 2021-12-27 10:49:29,622 judge_handler DAUJ: Grading has begun on: 22
INFO 2021-12-27 10:49:29,689 judge_handler DAUJ: 3 test case(s) completed on: 22
INFO 2021-12-27 10:49:29,726 judge_handler DAUJ: 2 test case(s) completed on: 22
INFO 2021-12-27 10:49:29,733 judge_handler DAUJ: Grading has ended on: 22
INFO 2021-12-27 10:49:29,734 judge_list Judge available after grading 22: DAUJ
INFO 2021-12-27 10:50:03,028 judge_list Specified judge DAUJ is available
INFO 2021-12-27 10:50:03,029 judge_list Dispatched submission 23 to: DAUJ
INFO 2021-12-27 10:50:03,039 judge_handler Submission acknowledged: 23
INFO 2021-12-27 10:50:03,066 judge_handler DAUJ: Grading has begun on: 23
INFO 2021-12-27 10:50:03,154 judge_handler DAUJ: 5 test case(s) completed on: 23
INFO 2021-12-27 10:50:03,163 judge_handler DAUJ: Grading has ended on: 23
INFO 2021-12-27 10:50:03,163 judge_list Judge available after grading 23: DAUJ
INFO 2021-12-27 10:51:28,899 judge_list Specified judge DAUJ is available
INFO 2021-12-27 10:51:28,899 judge_list Dispatched submission 24 to: DAUJ
INFO 2021-12-27 10:51:28,911 judge_handler Submission acknowledged: 24
INFO 2021-12-27 10:51:28,941 judge_handler DAUJ: Grading has begun on: 24
INFO 2021-12-27 10:51:29,030 judge_handler DAUJ: 5 test case(s) completed on: 24
INFO 2021-12-27 10:51:29,042 judge_handler DAUJ: Grading has ended on: 24
INFO 2021-12-27 10:51:29,042 judge_list Judge available after grading 24: DAUJ
INFO 2021-12-28 03:39:21,595 judge_list Free judges: 1
INFO 2021-12-28 03:39:21,596 judge_list Dispatched submission 25 to: DAUJ
INFO 2021-12-28 03:39:21,612 judge_handler Submission acknowledged: 25
INFO 2021-12-28 03:39:21,700 judge_handler DAUJ: Grading has begun on: 25
INFO 2021-12-28 03:39:21,882 judge_handler DAUJ: 5 test case(s) completed on: 25
INFO 2021-12-28 03:39:21,891 judge_handler DAUJ: Grading has ended on: 25
INFO 2021-12-28 03:39:21,891 judge_list Judge available after grading 25: DAUJ
INFO 2021-12-28 03:39:36,236 judge_list Abort request: 25
INFO 2021-12-28 05:01:19,049 judge_handler Judge disconnected from: ('127.0.0.1', 46686) with name DAUJ
INFO 2021-12-30 13:16:08,005 daemon Exiting due to SIGINT
