 
 -------------- celery@ubuntu v5.1.2 (sun-harmonics)
--- ***** ----- 
-- ******* ---- Linux-5.11.0-37-generic-x86_64-with-glibc2.29 2021-10-15 04:41:53
- *** --- * --- 
- ** ---------- [config]
- ** ---------- .> app:         dmoj:0x7f83962a74c0
- ** ---------- .> transport:   redis://localhost:6379//
- ** ---------- .> results:     redis://localhost:6379/
- *** --- * --- .> concurrency: 2 (prefork)
-- ******* ---- .> task events: OFF (enable -E to monitor tasks in this worker)
--- ***** ----- 
 -------------- [queues]
                .> celery           exchange=celery(direct) key=celery
                

 
 -------------- celery@nhat-Latitude-E6440 v5.2.0 (dawn-chorus)
--- ***** ----- 
-- ******* ---- Linux-5.11.0-40-generic-x86_64-with-glibc2.29 2021-11-15 04:45:17
- *** --- * --- 
- ** ---------- [config]
- ** ---------- .> app:         dmoj:0x7febe883b0a0
- ** ---------- .> transport:   redis://localhost:6379//
- ** ---------- .> results:     redis://localhost:6379/
- *** --- * --- .> concurrency: 4 (prefork)
-- ******* ---- .> task events: OFF (enable -E to monitor tasks in this worker)
--- ***** ----- 
 -------------- [queues]
                .> celery           exchange=celery(direct) key=celery
                

